<?xml version="1.0" encoding="UTF-8"?>
<!-- Generated by org.testng.reporters.JUnitXMLReporter -->
<testsuite ignored="5" hostname="DESKTOP-PTDMAQQ" failures="0" tests="1" name="Regression" time="13.873" errors="0" timestamp="2022-10-01T18:48:02 EDT">
  <testcase classname="com.salesForce.tests_1.AutomationScripts" name="SFTC05_userMenu" time="5.971"/>
  <testcase classname="com.salesForce.tests_1.AutomationScripts" name="SFTC01_emptyPassword" time="0.0">
    <ignored/>
  </testcase> <!-- SFTC01_emptyPassword -->
  <testcase classname="com.salesForce.tests_1.AutomationScripts" name="SFTC02_login" time="0.0">
    <ignored/>
  </testcase> <!-- SFTC02_login -->
  <testcase classname="com.salesForce.tests_1.AutomationScripts" name="SFTC04A_forgotPassword" time="0.0">
    <ignored/>
  </testcase> <!-- SFTC04A_forgotPassword -->
  <testcase classname="com.salesForce.tests_1.AutomationScripts" name="SFTC03_rememberUsername" time="0.0">
    <ignored/>
  </testcase> <!-- SFTC03_rememberUsername -->
  <testcase classname="com.salesForce.tests_1.AutomationScripts" name="SFTC04B_loginErrorMessage" time="0.0">
    <ignored/>
  </testcase> <!-- SFTC04B_loginErrorMessage -->
</testsuite> <!-- Regression -->
